#
# There is insufficient memory for the Java Runtime Environment to continue.
# Native memory allocation (malloc) failed to allocate 1048576 bytes for AllocateHeap
# Possible reasons:
#   The system is out of physical RAM or swap space
#   The process is running with CompressedOops enabled, and the Java Heap may be blocking the growth of the native heap
# Possible solutions:
#   Reduce memory load on the system
#   Increase physical memory or swap space
#   Check if swap backing store is full
#   Decrease Java heap size (-Xmx/-Xms)
#   Decrease number of Java threads
#   Decrease Java thread stack sizes (-Xss)
#   Set larger code cache with -XX:ReservedCodeCacheSize=
#   JVM is running with Zero Based Compressed Oops mode in which the Java heap is
#     placed in the first 32GB address space. The Java Heap base address is the
#     maximum limit for the native heap growth. Please use -XX:HeapBaseMinAddress
#     to set the Java Heap base and to place the Java Heap above 32GB virtual address.
# This output file may be truncated or incomplete.
#
#  Out of Memory Error (memory/allocation.inline.hpp:61), pid=4508, tid=0x0000000000003880
#
# JRE version:  (8.0_251-b08) (build )
# Java VM: Java HotSpot(TM) 64-Bit Server VM (25.251-b08 mixed mode windows-amd64 compressed oops)
# Failed to write core dump. Minidumps are not enabled by default on client versions of Windows
#

---------------  T H R E A D  ---------------

Current thread (0x00000000025b2800):  JavaThread "Unknown thread" [_thread_in_vm, id=14464, stack(0x00000000024b0000,0x00000000025b0000)]

Stack: [0x00000000024b0000,0x00000000025b0000]
[error occurred during error reporting (printing stack bounds), id 0xc0000005]

Native frames: (J=compiled Java code, j=interpreted, Vv=VM code, C=native code)


---------------  P R O C E S S  ---------------

Java Threads: ( => current thread )

Other Threads:

=>0x00000000025b2800 (exited) JavaThread "Unknown thread" [_thread_in_vm, id=14464, stack(0x00000000024b0000,0x00000000025b0000)]

VM state:not at safepoint (normal execution)

VM Mutex/Monitor currently owned by a thread: None

heap address: 0x00000006c0e00000, size: 4082 MB, Compressed Oops mode: Zero based, Oop shift amount: 3
Narrow klass base: 0x0000000000000000, Narrow klass shift: 3
Compressed class space size: 1073741824 Address: 0x00000007c0000000

Heap:
 PSYoungGen      total 76288K, used 1310K [0x000000076af80000, 0x0000000770480000, 0x00000007c0000000)
  eden space 65536K, 2% used [0x000000076af80000,0x000000076b0c7af0,0x000000076ef80000)
  from space 10752K, 0% used [0x000000076fa00000,0x000000076fa00000,0x0000000770480000)
  to   space 10752K, 0% used [0x000000076ef80000,0x000000076ef80000,0x000000076fa00000)
 ParOldGen       total 175104K, used 0K [0x00000006c0e00000, 0x00000006cb900000, 0x000000076af80000)
  object space 175104K, 0% used [0x00000006c0e00000,0x00000006c0e00000,0x00000006cb900000)
 Metaspace       used 752K, capacity 4480K, committed 4480K, reserved 1056768K
  class space    used 76K, capacity 384K, committed 384K, reserved 1048576K

Card table byte_map: [0x0000000011a70000,0x0000000012270000] byte_map_base: 0x000000000e469000

Marking Bits: (ParMarkBitMap*) 0x000000006fe4af90
 Begin Bits: [0x00000000131d0000, 0x0000000017198000)
 End Bits:   [0x0000000017198000, 0x000000001b160000)

Polling page: 0x00000000001f0000

CodeCache: size=245760Kb used=328Kb max_used=328Kb free=245431Kb
 bounds [0x00000000026b0000, 0x0000000002920000, 0x00000000116b0000]
 total_blobs=58 nmethods=0 adapters=38
 compilation: enabled

Compilation events (0 events):
No events

GC Heap History (0 events):
No events

Deoptimization events (0 events):
No events

Classes redefined (0 events):
No events

Internal exceptions (0 events):
No events

Events (10 events):
Event: 0.020 loading class java/lang/Short
Event: 0.020 loading class java/lang/Short done
Event: 0.020 loading class java/lang/Integer
Event: 0.020 loading class java/lang/Integer done
Event: 0.020 loading class java/lang/Long
Event: 0.020 loading class java/lang/Long done
Event: 0.020 loading class java/lang/NullPointerException
Event: 0.020 loading class java/lang/NullPointerException done
Event: 0.020 loading class java/lang/ArithmeticException
Event: 0.020 loading class java/lang/ArithmeticException done


Dynamic libraries:
0x00007ff77eb20000 - 0x00007ff77eb57000 	C:\Program Files\Java\jre1.8.0_251\bin\javaw.exe
0x00007ffdf1870000 - 0x00007ffdf1a65000 	C:\WINDOWS\SYSTEM32\ntdll.dll
0x00007ffdf0e90000 - 0x00007ffdf0f4d000 	C:\WINDOWS\System32\KERNEL32.DLL
0x00007ffdef3d0000 - 0x00007ffdef698000 	C:\WINDOWS\System32\KERNELBASE.dll
0x00007ffdef900000 - 0x00007ffdef9ac000 	C:\WINDOWS\System32\ADVAPI32.dll
0x00007ffdefbb0000 - 0x00007ffdefc4e000 	C:\WINDOWS\System32\msvcrt.dll
0x00007ffdf0df0000 - 0x00007ffdf0e8b000 	C:\WINDOWS\System32\sechost.dll
0x00007ffdf0500000 - 0x00007ffdf062b000 	C:\WINDOWS\System32\RPCRT4.dll
0x00007ffdf15a0000 - 0x00007ffdf1740000 	C:\WINDOWS\System32\USER32.dll
0x00007ffdef100000 - 0x00007ffdef122000 	C:\WINDOWS\System32\win32u.dll
0x00007ffdef8d0000 - 0x00007ffdef8fa000 	C:\WINDOWS\System32\GDI32.dll
0x00007ffdef130000 - 0x00007ffdef23b000 	C:\WINDOWS\System32\gdi32full.dll
0x00007ffdef060000 - 0x00007ffdef0fd000 	C:\WINDOWS\System32\msvcp_win.dll
0x00007ffdef7d0000 - 0x00007ffdef8d0000 	C:\WINDOWS\System32\ucrtbase.dll
0x00007ffddacf0000 - 0x00007ffddaf8a000 	C:\WINDOWS\WinSxS\amd64_microsoft.windows.common-controls_6595b64144ccf1df_6.0.19041.844_none_ca00b6081b84eb1d\COMCTL32.dll
0x00007ffdf1800000 - 0x00007ffdf1830000 	C:\WINDOWS\System32\IMM32.DLL
0x000000006fed0000 - 0x000000006ffa2000 	C:\Program Files\Java\jre1.8.0_251\bin\msvcr100.dll
0x000000006f620000 - 0x000000006fecb000 	C:\Program Files\Java\jre1.8.0_251\bin\server\jvm.dll
0x00007ffdefce0000 - 0x00007ffdefce8000 	C:\WINDOWS\System32\PSAPI.DLL
0x00007ffde2d00000 - 0x00007ffde2d09000 	C:\WINDOWS\SYSTEM32\WSOCK32.dll
0x00007ffde9c60000 - 0x00007ffde9c6a000 	C:\WINDOWS\SYSTEM32\VERSION.dll
0x00007ffde38c0000 - 0x00007ffde38e7000 	C:\WINDOWS\SYSTEM32\WINMM.dll
0x00007ffdf0f50000 - 0x00007ffdf0fbb000 	C:\WINDOWS\System32\WS2_32.dll
0x00007ffde8c10000 - 0x00007ffde8c1f000 	C:\Program Files\Java\jre1.8.0_251\bin\verify.dll
0x00007ffdbdda0000 - 0x00007ffdbddc9000 	C:\Program Files\Java\jre1.8.0_251\bin\java.dll
0x00007ffdbd110000 - 0x00007ffdbd126000 	C:\Program Files\Java\jre1.8.0_251\bin\zip.dll

VM Arguments:
jvm_args: -Dfile.encoding=Cp1252 
java_command: game.Main
java_class_path (initial): D:\Projekte\NewEclipseWorkSpace\CivSim\bin
Launcher Type: SUN_STANDARD

Environment Variables:
JAVA_HOME=C:\Program Files\OpenJDK\jdk-16.0.1
USERNAME=denis
OS=Windows_NT
PROCESSOR_IDENTIFIER=Intel64 Family 6 Model 158 Stepping 10, GenuineIntel



---------------  S Y S T E M  ---------------

OS: Windows 10.0 , 64 bit Build 19041 (10.0.19041.928)

CPU:total 12 (initial active 12) (6 cores per cpu, 2 threads per core) family 6 model 158 stepping 10, cmov, cx8, fxsr, mmx, sse, sse2, sse3, ssse3, sse4.1, sse4.2, popcnt, avx, avx2, aes, clmul, erms, rtm, 3dnowpref, lzcnt, ht, tsc, tscinvbit, bmi1, bmi2, adx

Memory: 4k page, physical 16718320k(459804k free), swap 39236200k(4808k free)

vm_info: Java HotSpot(TM) 64-Bit Server VM (25.251-b08) for windows-amd64 JRE (1.8.0_251-b08), built on Mar 12 2020 06:31:49 by "" with MS VC++ 10.0 (VS2010)

time: Sat May 08 23:39:47 2021
timezone: Mitteleuropäische Sommerzeit
elapsed time: 0 seconds (0d 0h 0m 0s)

